20231114	02:33:01	047b4817-e97e-40a7-bf3d-d13d846b326c	OPTIONS	/chat	http://localhost:5173
20231114	08:53:54	baec57ed-dfe6-465c-a635-5d8dc1b745b4	OPTIONS	/chat	http://localhost:5173
20231114	08:56:14	e017ab95-3fa6-45d7-ac0c-3356720db204	OPTIONS	/chat	http://localhost:5173
20231114	08:56:55	b9edd8ef-5808-4673-b67f-8b239617170b	OPTIONS	/chat	http://localhost:5173
20231114	08:57:18	45ad1fc9-9793-4f1f-87ae-2d5dd4337c18	OPTIONS	/chat	http://localhost:5173
20231114	18:17:44	70bcf7d2-34f7-4d51-b0fe-e666dba1dd63	OPTIONS	/chat	http://localhost:5173
20231114	18:18:10	9e762c37-8b9d-4e29-becd-ea22f076b91c	OPTIONS	/chat	http://localhost:5173
20231114	18:24:01	0af4f38c-29a0-4f40-97f6-28d10fde672b	OPTIONS	/chat	http://localhost:5173
20231114	18:26:49	62d0ef36-d01a-474b-89b8-8754cad89f4a	OPTIONS	/chat	http://localhost:5173
20231114	18:52:28	b34e88b0-31ed-4cdc-9181-edf1fdcd57eb	OPTIONS	/chat	http://localhost:5173
20231114	18:53:28	6e8e54bf-6ec2-4884-9c71-7d153a46b965	OPTIONS	/chat	http://localhost:5173
20231114	18:55:50	a72450d5-45d3-4440-92a1-07c9866926af	OPTIONS	/chat	http://localhost:5173
<<<<<<< HEAD
20231115	23:01:53	a065b89f-bf9b-42c7-8d85-55901a8be37f	GET	/favicon.ico	undefined
20231115	23:02:52	964d7fc0-afa1-4169-ad47-f739704906d9	OPTIONS	/chat	http://localhost:5173
20231115	23:03:08	52946747-1678-4d4d-8168-80affb397b10	OPTIONS	/chat	http://localhost:5173
20231115	23:17:28	66ab1db1-6766-4a00-a3c4-c3f78c19feff	OPTIONS	/chat	http://localhost:5173
20231115	23:17:38	b7a84537-57db-4159-a268-b5799dfffa98	OPTIONS	/chat	http://localhost:5173
20231115	23:21:15	dcb8add4-fd9c-4fdc-a27a-c336dbf0a5b6	OPTIONS	/chat	http://localhost:5173
20231115	23:21:26	352375ff-cd08-4b47-860d-80ec8318227f	OPTIONS	/chat	http://localhost:5173
20231115	23:49:33	381410db-233c-426a-aa88-ca871121ee85	OPTIONS	/chat	http://localhost:5173
20231115	23:49:46	b7f973f3-5701-408c-b6f6-ce1f3c52175c	OPTIONS	/chat	http://localhost:5173
=======
20231117	23:45:48	ee9c86f0-3367-486b-aac8-6ee0939bfc11	OPTIONS	/chat	https://lk8lc2-5173.csb.app
20231117	23:46:57	a626944c-ca8f-44db-9716-d726e0b72a9e	OPTIONS	/chat	https://lk8lc2-5173.csb.app
20231117	23:48:35	6d914b13-672a-4a6a-8b15-e20675ebea03	OPTIONS	/chat	https://lk8lc2-5173.csb.app
20231117	23:49:07	315314a0-4ef9-4b62-a562-afc2d6a03440	OPTIONS	/chat	https://lk8lc2-5173.csb.app
20231117	23:50:15	b470977f-510a-4329-8b29-83c570dcdd96	OPTIONS	/chat	https://lk8lc2-5173.csb.app
20231117	23:51:08	be35eef1-fc9c-46fa-8335-baed280f37d9	OPTIONS	/chat	https://lk8lc2-5173.csb.app
20231117	23:52:37	8d2dad91-21ff-4ae6-be22-ef42669a386b	OPTIONS	/chat	https://lk8lc2-5173.csb.app
20231117	23:56:48	8d60f218-4e11-43d0-9437-6e6ba1a97ca4	OPTIONS	/chat	https://lk8lc2-5173.csb.app
20231117	23:57:56	010a7040-a4f6-41d5-8c95-b6395d69410f	OPTIONS	/chat	https://lk8lc2-5173.csb.app
20231117	23:59:35	5b2ca4e0-b37b-41d9-83d8-3d94495bd8ca	OPTIONS	/chat	https://lk8lc2-5173.csb.app
20231118	00:07:00	e029a3cc-2516-46a6-a8e6-68425614929e	OPTIONS	/chat	https://lk8lc2-5173.csb.app
20231118	00:14:49	9390458f-1353-4bfa-82cb-79dcfa309fd1	OPTIONS	/chat	https://w35kxf-5173.csb.app
20231118	00:16:38	28a4de2f-bb70-46ca-af7a-37d0ac7eeab2	OPTIONS	/chat	https://w35kxf-5173.csb.app
20231118	08:46:15	0a84053a-d611-4b11-8777-ea8df1dc3737	OPTIONS	/chat	http://localhost:5173
20231118	08:46:23	086c1903-daf4-4478-a9e6-5bd76531c0da	OPTIONS	/chat	http://localhost:5173
20231118	09:20:36	cc2391ad-5ad8-4c23-ae29-522a7287db34	OPTIONS	/chat	http://localhost:5173
20231118	09:20:50	b281d97e-cb28-43e8-8a57-f20feb0eab80	OPTIONS	/chat	http://localhost:5173
20231118	09:24:54	2cc78af8-80f6-4716-bba3-1e89f8b99b95	OPTIONS	/chat	http://localhost:5173
20231118	09:27:43	e910a4fa-5190-445c-8e56-ac92ae9fee66	OPTIONS	/chat	http://localhost:5173
20231118	09:29:22	4f9badc8-4422-4bb8-ad28-98c0bc84a868	OPTIONS	/chat	http://localhost:5173
20231118	10:06:43	182499a8-eab1-4f60-b280-8a15c8dfc6ae	OPTIONS	/chat	http://localhost:5173
20231118	10:15:11	3e241750-d1ea-48f6-9469-e4938addbaf1	OPTIONS	/chat	http://localhost:5173
20231118	10:24:45	9f063e1e-dc1e-4bbf-9805-973373dde2e1	OPTIONS	/chat	http://localhost:5173
20231118	10:27:11	ee58fe6c-2606-48dc-a8e3-1346d2997a17	OPTIONS	/chat	http://localhost:5173
20231118	10:28:56	a3fc009a-0a3d-4f04-b46d-673ecb5b8475	OPTIONS	/chat	http://localhost:5173
20231118	10:50:14	94735f15-26cf-4681-a084-efd3b6b20fa7	OPTIONS	/chat	http://localhost:5173
>>>>>>> 06e29b55d94a430b1c264f59bc5285fabefa1444
